Using pre-set license
Built from '2020.3/staging' branch; Version is '2020.3.6f1 (338bb68529b2) revision 3378102'; Using compiler version '192528614'; Build Type 'Release'
OS: 'Windows 10 Home; OS build 19042.1165; Version 2009; 64bit' Language: 'pt' Physical Memory: 8125 MB
BatchMode: 1, IsHumanControllingUs: 0, StartBugReporterOnCrash: 0, Is64bit: 1, IsPro: 0

 COMMAND LINE ARGUMENTS:
G:\ArkUnity_\2020.3.6f1\Editor\Unity.exe
-adb2
-batchMode
-noUpm
-name
AssetImportWorker0
-projectPath
G:/ArkProjects_/Kakudou
-logFile
Logs/AssetImportWorker0.log
-srvPort
55906
Successfully changed project path to: G:/ArkProjects_/Kakudou
G:/ArkProjects_/Kakudou
Using Asset Import Pipeline V2.
Refreshing native plugins compatible for Editor in 76.12 ms, found 0 plugins.
Preloading 0 native plugins for Editor in 0.00 ms.
Initialize engine version: 2020.3.6f1 (338bb68529b2)
[Subsystems] Discovering subsystems at path G:/ArkUnity_/2020.3.6f1/Editor/Data/Resources/UnitySubsystems
[Subsystems] Discovering subsystems at path G:/ArkProjects_/Kakudou/Assets
GfxDevice: creating device client; threaded=0
Direct3D:
    Version:  Direct3D 11.0 [level 11.1]
    Renderer: Radeon RX 5500 XT (ID=0x7340)
    Vendor:   
    VRAM:     8151 MB
    Driver:   27.20.21002.112
Initialize mono
Mono path[0] = 'G:/ArkUnity_/2020.3.6f1/Editor/Data/Managed'
Mono path[1] = 'G:/ArkUnity_/2020.3.6f1/Editor/Data/MonoBleedingEdge/lib/mono/unityjit'
Mono config path = 'G:/ArkUnity_/2020.3.6f1/Editor/Data/MonoBleedingEdge/etc'
Using monoOptions --debugger-agent=transport=dt_socket,embedding=1,server=y,suspend=n,address=127.0.0.1:56024
Begin MonoManager ReloadAssembly
Registering precompiled unity dll's ...
Register platform support module: G:/ArkUnity_/2020.3.6f1/Editor/Data/PlaybackEngines/WindowsStandaloneSupport/UnityEditor.WindowsStandalone.Extensions.dll
Register platform support module: G:/ArkUnity_/2020.3.6f1/Editor/Data/PlaybackEngines/LinuxStandaloneSupport/UnityEditor.LinuxStandalone.Extensions.dll
Registered in 0.001399 seconds.
Native extension for LinuxStandalone target not found
Native extension for WindowsStandalone target not found
Refreshing native plugins compatible for Editor in 50.39 ms, found 0 plugins.
Preloading 0 native plugins for Editor in 0.00 ms.
Mono: successfully reloaded assembly
- Completed reload, in  1.199 seconds
Platform modules already initialized, skipping
Registering precompiled user dll's ...
Registered in 0.001135 seconds.
Begin MonoManager ReloadAssembly
Native extension for LinuxStandalone target not found
Native extension for WindowsStandalone target not found
Refreshing native plugins compatible for Editor in 47.04 ms, found 0 plugins.
Preloading 0 native plugins for Editor in 0.00 ms.
Mono: successfully reloaded assembly
- Completed reload, in  0.991 seconds
Platform modules already initialized, skipping
========================================================================
Worker process is ready to serve import requests
Shader 'Universal Render Pipeline/Particles/Lit': fallback shader 'Universal Render Pipeline/Particles/SimpleLit' not found
Shader 'Universal Render Pipeline/Particles/Lit': fallback shader 'Universal Render Pipeline/Particles/SimpleLit' not found
Launched and connected shader compiler UnityShaderCompiler.exe after 0.19 seconds
Refreshing native plugins compatible for Editor in 0.46 ms, found 0 plugins.
Preloading 0 native plugins for Editor in 0.00 ms.
Unloading 2387 Unused Serialized files (Serialized files now loaded: 0)
System memory in use before: 113.3 MB.
System memory in use after: 109.6 MB.

Unloading 58 unused Assets to reduce memory usage. Loaded Objects now: 2788.
Total: 4.017200 ms (FindLiveObjects: 0.469900 ms CreateObjectMapping: 0.173100 ms MarkObjects: 1.739500 ms  DeleteObjects: 1.633300 ms)

========================================================================
Received Import Request.
  path: Assets/Resources/builds/window3.mat
  artifactKey: Guid(d465aa3e661f335468dedca3febfad6c) Importer(815301076,1909f56bfc062723c751e8b465ee728b)
Start importing Assets/Resources/builds/window3.mat using Guid(d465aa3e661f335468dedca3febfad6c) Importer(815301076,1909f56bfc062723c751e8b465ee728b)  -> (artifact id: 'a40e6aa494f5e536da97125b62792f45') in 0.200267 seconds
  Import took 0.207861 seconds .

========================================================================
Received Import Request.
  Time since last request: 0.000362 seconds.
  path: Assets/Resources/builds/top.mat
  artifactKey: Guid(4fba8c05087eb7c4397e7baa6b875dda) Importer(815301076,1909f56bfc062723c751e8b465ee728b)
Start importing Assets/Resources/builds/top.mat using Guid(4fba8c05087eb7c4397e7baa6b875dda) Importer(815301076,1909f56bfc062723c751e8b465ee728b)  -> (artifact id: 'e76d3c8ff90d13e601d3c884cf13835a') in 0.029064 seconds
  Import took 0.034499 seconds .

========================================================================
Received Import Request.
  Time since last request: 0.000361 seconds.
  path: Assets/Resources/builds/AC.mat
  artifactKey: Guid(63b2b70a096202147930d21b28022369) Importer(815301076,1909f56bfc062723c751e8b465ee728b)
Start importing Assets/Resources/builds/AC.mat using Guid(63b2b70a096202147930d21b28022369) Importer(815301076,1909f56bfc062723c751e8b465ee728b)  -> (artifact id: 'bcc6dbc9f7ffd383bd641db585a8be9e') in 0.029201 seconds
  Import took 0.040435 seconds .

========================================================================
Received Import Request.
  Time since last request: 0.000245 seconds.
  path: Assets/Resources/builds/door.mat
  artifactKey: Guid(a65d08e13714a4e4aa091133e85c6627) Importer(815301076,1909f56bfc062723c751e8b465ee728b)
Start importing Assets/Resources/builds/door.mat using Guid(a65d08e13714a4e4aa091133e85c6627) Importer(815301076,1909f56bfc062723c751e8b465ee728b)  -> (artifact id: 'eec8ba6f90b7a43c4da9aaab9ee58484') in 0.017043 seconds
  Import took 0.023871 seconds .

========================================================================
Received Import Request.
  Time since last request: 0.000212 seconds.
  path: Assets/Resources/builds/store.mat
  artifactKey: Guid(5eceadb428471b44e9d24b2631cba69c) Importer(815301076,1909f56bfc062723c751e8b465ee728b)
Start importing Assets/Resources/builds/store.mat using Guid(5eceadb428471b44e9d24b2631cba69c) Importer(815301076,1909f56bfc062723c751e8b465ee728b)  -> (artifact id: '958574ae48fe7d076a2ecfe3cd6692fa') in 0.017963 seconds
  Import took 0.025364 seconds .

========================================================================
Received Import Request.
  Time since last request: 0.000197 seconds.
  path: Assets/Resources/builds/door2.mat
  artifactKey: Guid(4d89dc0ba56c8764bbfa589678782362) Importer(815301076,1909f56bfc062723c751e8b465ee728b)
Start importing Assets/Resources/builds/door2.mat using Guid(4d89dc0ba56c8764bbfa589678782362) Importer(815301076,1909f56bfc062723c751e8b465ee728b)  -> (artifact id: '576ced6da61076df29502344591a448a') in 0.014203 seconds
  Import took 0.024125 seconds .

========================================================================
Received Import Request.
  Time since last request: 0.000167 seconds.
  path: Assets/Resources/builds/wf.mat
  artifactKey: Guid(954dc8fd7b068e64eaf51f1dc8ca1cbc) Importer(815301076,1909f56bfc062723c751e8b465ee728b)
Start importing Assets/Resources/builds/wf.mat using Guid(954dc8fd7b068e64eaf51f1dc8ca1cbc) Importer(815301076,1909f56bfc062723c751e8b465ee728b)  -> (artifact id: '229a0815760cbb375af7e018620b2b85') in 0.018649 seconds
  Import took 0.024519 seconds .

========================================================================
Received Import Request.
  Time since last request: 0.000186 seconds.
  path: Assets/Resources/builds/window2.mat
  artifactKey: Guid(051677ea09e4e4a43aa3e6e1c863dbe3) Importer(815301076,1909f56bfc062723c751e8b465ee728b)
Start importing Assets/Resources/builds/window2.mat using Guid(051677ea09e4e4a43aa3e6e1c863dbe3) Importer(815301076,1909f56bfc062723c751e8b465ee728b)  -> (artifact id: '317bdafb9fc1570b0a205ce33773ada6') in 0.017640 seconds
  Import took 0.024135 seconds .

========================================================================
Received Import Request.
  Time since last request: 0.000212 seconds.
  path: Assets/Resources/builds/window1.mat
  artifactKey: Guid(0423cf2d1adf48744ac6b682de4b3eb2) Importer(815301076,1909f56bfc062723c751e8b465ee728b)
Start importing Assets/Resources/builds/window1.mat using Guid(0423cf2d1adf48744ac6b682de4b3eb2) Importer(815301076,1909f56bfc062723c751e8b465ee728b)  -> (artifact id: '451400407ed4c7ece15adf57113058b8') in 0.015196 seconds
  Import took 0.022350 seconds .

========================================================================
Received Import Request.
  Time since last request: 0.000161 seconds.
  path: Assets/Resources/builds/w2.mat
  artifactKey: Guid(4aba1ec47e5d3ed428f4c7405cb05dcc) Importer(815301076,1909f56bfc062723c751e8b465ee728b)
Start importing Assets/Resources/builds/w2.mat using Guid(4aba1ec47e5d3ed428f4c7405cb05dcc) Importer(815301076,1909f56bfc062723c751e8b465ee728b)  -> (artifact id: 'ec522fda71a48d45feaa5d3fb581b923') in 0.017110 seconds
  Import took 0.024179 seconds .

========================================================================
Received Import Request.
  Time since last request: 0.000207 seconds.
  path: Assets/Resources/builds/brack.mat
  artifactKey: Guid(8c3c5affc5349ef4fa2a42c454448a7d) Importer(815301076,1909f56bfc062723c751e8b465ee728b)
Start importing Assets/Resources/builds/brack.mat using Guid(8c3c5affc5349ef4fa2a42c454448a7d) Importer(815301076,1909f56bfc062723c751e8b465ee728b)  -> (artifact id: 'b54f10a0e37b8ffc43dc874b472bdb1d') in 0.030192 seconds
  Import took 0.036564 seconds .

========================================================================
Received Import Request.
  Time since last request: 0.000249 seconds.
  path: Assets/Resources/builds/iron.mat
  artifactKey: Guid(1a5a49a69a0513646bb70cf5634ac50a) Importer(815301076,1909f56bfc062723c751e8b465ee728b)
Start importing Assets/Resources/builds/iron.mat using Guid(1a5a49a69a0513646bb70cf5634ac50a) Importer(815301076,1909f56bfc062723c751e8b465ee728b)  -> (artifact id: '75c829c30382c56d9cab1b5476a2c332') in 0.013687 seconds
  Import took 0.022196 seconds .

========================================================================
Received Prepare
Registering precompiled user dll's ...
Registered in 0.001092 seconds.
Begin MonoManager ReloadAssembly
Native extension for LinuxStandalone target not found
Native extension for WindowsStandalone target not found
Refreshing native plugins compatible for Editor in 0.39 ms, found 0 plugins.
Preloading 0 native plugins for Editor in 0.00 ms.
Mono: successfully reloaded assembly
- Completed reload, in  0.803 seconds
Platform modules already initialized, skipping
Shader 'Universal Render Pipeline/Particles/Lit': fallback shader 'Universal Render Pipeline/Particles/SimpleLit' not found
Shader 'Universal Render Pipeline/Particles/Lit': fallback shader 'Universal Render Pipeline/Particles/SimpleLit' not found
Refreshing native plugins compatible for Editor in 0.43 ms, found 0 plugins.
Preloading 0 native plugins for Editor in 0.00 ms.
Unloading 2374 Unused Serialized files (Serialized files now loaded: 0)
System memory in use before: 115.8 MB.
System memory in use after: 112.1 MB.

Unloading 53 unused Assets to reduce memory usage. Loaded Objects now: 2831.
Total: 3.748500 ms (FindLiveObjects: 0.291600 ms CreateObjectMapping: 0.167700 ms MarkObjects: 1.698700 ms  DeleteObjects: 1.588600 ms)

========================================================================
Received Prepare
Registering precompiled user dll's ...
Registered in 0.001084 seconds.
Begin MonoManager ReloadAssembly
Native extension for LinuxStandalone target not found
Native extension for WindowsStandalone target not found
Refreshing native plugins compatible for Editor in 0.40 ms, found 0 plugins.
Preloading 0 native plugins for Editor in 0.00 ms.
Mono: successfully reloaded assembly
- Completed reload, in  0.808 seconds
Platform modules already initialized, skipping
Shader 'Universal Render Pipeline/Particles/Lit': fallback shader 'Universal Render Pipeline/Particles/SimpleLit' not found
Shader 'Universal Render Pipeline/Particles/Lit': fallback shader 'Universal Render Pipeline/Particles/SimpleLit' not found
Refreshing native plugins compatible for Editor in 0.40 ms, found 0 plugins.
Preloading 0 native plugins for Editor in 0.00 ms.
Unloading 2374 Unused Serialized files (Serialized files now loaded: 0)
System memory in use before: 115.8 MB.
System memory in use after: 112.1 MB.

Unloading 53 unused Assets to reduce memory usage. Loaded Objects now: 2834.
Total: 4.158800 ms (FindLiveObjects: 0.377700 ms CreateObjectMapping: 0.126700 ms MarkObjects: 1.899800 ms  DeleteObjects: 1.750000 ms)

AssetImportWorkerClient::OnTransportError - code=2 error=End of file
